app/build/intermediates/manifest_merge_blame_file/debug/manifest-merger-blame-debug-report.txt
1<?xml version="1.0" encoding="utf-8"?>
2<manifest xmlns:android="http://schemas.android.com/apk/res/android"
3    package="android.example"
4    android:versionCode="1"
5    android:versionName="1.0" >
6
7    <uses-sdk
8        android:minSdkVersion="21"
8-->src\main\AndroidManifest.xml
9        android:targetSdkVersion="30" />
9-->src\main\AndroidManifest.xml
10
11    <uses-permission android:name="android.permission.CAMERA" />
11-->src\main\AndroidManifest.xml:5:5-65
11-->src\main\AndroidManifest.xml:5:22-62
12    <uses-permission android:name="android.permission.WRITE_EXTERNAL_STORAGE" />
12-->src\main\AndroidManifest.xml:6:5-81
12-->src\main\AndroidManifest.xml:6:22-78
13    <uses-permission android:name="android.permission.READ_CONTACTS" />
13-->src\main\AndroidManifest.xml:7:5-72
13-->src\main\AndroidManifest.xml:7:22-69
14    <uses-permission android:name="android.permission.WRITE_CONTACTS" />
14-->src\main\AndroidManifest.xml:8:5-73
14-->src\main\AndroidManifest.xml:8:22-70
15    <uses-permission android:name="android.permission.READ_SMS" />
15-->src\main\AndroidManifest.xml:9:5-67
15-->src\main\AndroidManifest.xml:9:22-64
16    <uses-permission android:name="android.permission.INTERNET" />
16-->src\main\AndroidManifest.xml:10:5-67
16-->src\main\AndroidManifest.xml:10:22-64
17    <uses-permission android:name="android.permission.VIBRATE" />
17-->src\main\AndroidManifest.xml:11:5-66
17-->src\main\AndroidManifest.xml:11:22-63
18    <uses-permission android:name="android.permission.ACCESS_NETWORK_STATE" />
18-->src\main\AndroidManifest.xml:12:5-79
18-->src\main\AndroidManifest.xml:12:22-76
19    <uses-permission android:name="android.permission.READ_EXTERNAL_STORAGE" />
19-->src\main\AndroidManifest.xml:13:5-80
19-->src\main\AndroidManifest.xml:13:22-77
20
21    <uses-feature android:name="android.hardware.camera" />
21-->src\main\AndroidManifest.xml:15:5-60
21-->src\main\AndroidManifest.xml:15:19-57
22    <uses-feature android:name="android.hardware.camera.autofocus" />
22-->src\main\AndroidManifest.xml:16:5-70
22-->src\main\AndroidManifest.xml:16:19-67
23
24    <supports-screens android:smallScreens="false" />
24-->src\main\AndroidManifest.xml:18:5-54
24-->src\main\AndroidManifest.xml:18:23-51
25
26    <uses-permission android:name="android.permission.READ_PHONE_STATE" />
27
28    <uses-feature
28-->[com.journeyapps:zxing-android-embedded:3.6.0] AndroidManifest.xml:28:5-30:36
29        android:name="android.hardware.camera.front"
29-->[com.journeyapps:zxing-android-embedded:3.6.0] AndroidManifest.xml:29:9-53
30        android:required="false" />
30-->[com.journeyapps:zxing-android-embedded:3.6.0] AndroidManifest.xml:30:9-33
31    <uses-feature
31-->[com.journeyapps:zxing-android-embedded:3.6.0] AndroidManifest.xml:36:5-38:36
32        android:name="android.hardware.camera.flash"
32-->[com.journeyapps:zxing-android-embedded:3.6.0] AndroidManifest.xml:37:9-53
33        android:required="false" />
33-->[com.journeyapps:zxing-android-embedded:3.6.0] AndroidManifest.xml:38:9-33
34    <uses-feature
34-->[com.journeyapps:zxing-android-embedded:3.6.0] AndroidManifest.xml:39:5-41:36
35        android:name="android.hardware.screen.landscape"
35-->[com.journeyapps:zxing-android-embedded:3.6.0] AndroidManifest.xml:40:9-57
36        android:required="false" />
36-->[com.journeyapps:zxing-android-embedded:3.6.0] AndroidManifest.xml:41:9-33
37    <uses-feature
37-->[com.journeyapps:zxing-android-embedded:3.6.0] AndroidManifest.xml:42:5-44:36
38        android:name="android.hardware.wifi"
38-->[com.journeyapps:zxing-android-embedded:3.6.0] AndroidManifest.xml:43:9-45
39        android:required="false" />
39-->[com.journeyapps:zxing-android-embedded:3.6.0] AndroidManifest.xml:44:9-33
40
41    <application
41-->src\main\AndroidManifest.xml:20:5-92:19
42        android:allowBackup="true"
42-->src\main\AndroidManifest.xml:21:9-35
43        android:appComponentFactory="androidx.core.app.CoreComponentFactory"
43-->[androidx.core:core:1.1.0] AndroidManifest.xml:24:18-86
44        android:debuggable="true"
45        android:icon="@drawable/ic_launcher"
45-->src\main\AndroidManifest.xml:22:9-45
46        android:label="@string/app_name"
46-->src\main\AndroidManifest.xml:23:9-41
47        android:supportsRtl="true"
47-->[com.valdesekamdem.library:md-toast:0.9.0] AndroidManifest.xml:14:9-35
48        android:theme="@style/AppThemes" >
48-->src\main\AndroidManifest.xml:24:9-41
49        <activity
49-->src\main\AndroidManifest.xml:26:9-31:63
50            android:name="com.example.activity.QRCodeActivity"
50-->src\main\AndroidManifest.xml:27:13-52
51            android:screenOrientation="fullSensor"
51-->src\main\AndroidManifest.xml:28:13-51
52            android:stateNotNeeded="true"
52-->src\main\AndroidManifest.xml:29:13-42
53            android:theme="@style/zxing_CaptureTheme"
53-->src\main\AndroidManifest.xml:30:13-54
54            android:windowSoftInputMode="stateAlwaysHidden" />
54-->src\main\AndroidManifest.xml:31:13-60
55        <activity
55-->src\main\AndroidManifest.xml:32:9-34:52
56            android:name="com.example.activity.SignUpActivity"
56-->src\main\AndroidManifest.xml:33:13-52
57            android:screenOrientation="portrait" />
57-->src\main\AndroidManifest.xml:34:13-49
58        <activity
58-->src\main\AndroidManifest.xml:35:9-37:52
59            android:name="com.example.activity.ForgotPassword"
59-->src\main\AndroidManifest.xml:36:13-52
60            android:screenOrientation="portrait" />
60-->src\main\AndroidManifest.xml:37:13-49
61        <activity
61-->src\main\AndroidManifest.xml:38:9-43:51
62            android:name="com.example.activity.LoginActivity"
62-->src\main\AndroidManifest.xml:39:13-51
63            android:configChanges="orientation"
63-->src\main\AndroidManifest.xml:40:13-48
64            android:hardwareAccelerated="true"
64-->src\main\AndroidManifest.xml:41:13-47
65            android:isScrollContainer="true"
65-->src\main\AndroidManifest.xml:42:13-45
66            android:screenOrientation="portrait" />
66-->src\main\AndroidManifest.xml:43:13-49
67        <activity
67-->src\main\AndroidManifest.xml:44:9-54:20
68            android:name="com.example.activity.SplashActivity"
68-->src\main\AndroidManifest.xml:45:13-52
69            android:screenOrientation="portrait"
69-->src\main\AndroidManifest.xml:46:13-49
70            android:windowSoftInputMode="stateAlwaysHidden" >
70-->src\main\AndroidManifest.xml:47:13-60
71            <intent-filter>
71-->src\main\AndroidManifest.xml:48:13-53:29
72                <action android:name="android.intent.action.MAIN" />
72-->src\main\AndroidManifest.xml:49:17-69
72-->src\main\AndroidManifest.xml:49:25-66
73                <action android:name="android.intent.action.VIEW" />
73-->src\main\AndroidManifest.xml:50:17-69
73-->src\main\AndroidManifest.xml:50:25-66
74
75                <category android:name="android.intent.category.LAUNCHER" />
75-->src\main\AndroidManifest.xml:52:17-77
75-->src\main\AndroidManifest.xml:52:27-74
76            </intent-filter>
77        </activity>
78        <activity
78-->src\main\AndroidManifest.xml:55:9-61:20
79            android:name="com.example.activity.MeasurementHomeActivity"
79-->src\main\AndroidManifest.xml:56:13-61
80            android:screenOrientation="portrait"
80-->src\main\AndroidManifest.xml:57:13-49
81            android:theme="@style/AppThemes"
81-->src\main\AndroidManifest.xml:58:13-45
82            android:windowSoftInputMode="stateAlwaysHidden" >
82-->src\main\AndroidManifest.xml:59:13-60
83        </activity>
84        <activity
84-->src\main\AndroidManifest.xml:62:9-67:20
85            android:name="com.example.activity.MeasurementDetailsActivity"
85-->src\main\AndroidManifest.xml:63:13-64
86            android:screenOrientation="portrait"
86-->src\main\AndroidManifest.xml:64:13-49
87            android:windowSoftInputMode="stateAlwaysHidden" >
87-->src\main\AndroidManifest.xml:65:13-60
88        </activity>
89        <activity
89-->src\main\AndroidManifest.xml:68:9-73:20
90            android:name="com.example.activity.PosePreviewActivity"
90-->src\main\AndroidManifest.xml:69:13-57
91            android:screenOrientation="portrait"
91-->src\main\AndroidManifest.xml:70:13-49
92            android:windowSoftInputMode="stateAlwaysHidden" >
92-->src\main\AndroidManifest.xml:71:13-60
93        </activity>
94        <activity
94-->src\main\AndroidManifest.xml:74:9-76:52
95            android:name="com.example.poseestimationopencv.CameraActivity"
95-->src\main\AndroidManifest.xml:75:13-64
96            android:screenOrientation="portrait" />
96-->src\main\AndroidManifest.xml:76:13-49
97        <activity
97-->src\main\AndroidManifest.xml:77:9-80:63
98            android:name="com.example.activity.PreviousMeasurementActivity"
98-->src\main\AndroidManifest.xml:78:13-65
99            android:screenOrientation="portrait"
99-->src\main\AndroidManifest.xml:79:13-49
100            android:windowSoftInputMode="stateAlwaysHidden" />
100-->src\main\AndroidManifest.xml:80:13-60
101        <activity
101-->src\main\AndroidManifest.xml:81:9-83:56
102            android:name="com.example.activity.OTPVerificationActivity"
102-->src\main\AndroidManifest.xml:82:13-61
103            android:theme="@style/Theme.Transparent" />
103-->src\main\AndroidManifest.xml:83:13-53
104        <activity
104-->src\main\AndroidManifest.xml:84:9-87:63
105            android:name="com.example.activity.CreatePasswordActivity"
105-->src\main\AndroidManifest.xml:85:13-60
106            android:screenOrientation="portrait"
106-->src\main\AndroidManifest.xml:86:13-49
107            android:windowSoftInputMode="stateAlwaysHidden" />
107-->src\main\AndroidManifest.xml:87:13-60
108        <activity
108-->src\main\AndroidManifest.xml:88:9-91:63
109            android:name="com.example.activity.HelpActivity"
109-->src\main\AndroidManifest.xml:89:13-50
110            android:screenOrientation="portrait"
110-->src\main\AndroidManifest.xml:90:13-49
111            android:windowSoftInputMode="stateAlwaysHidden" />
111-->src\main\AndroidManifest.xml:91:13-60
112        <activity
112-->[com.journeyapps:zxing-android-embedded:3.6.0] AndroidManifest.xml:47:9-53:63
113            android:name="com.journeyapps.barcodescanner.CaptureActivity"
113-->[com.journeyapps:zxing-android-embedded:3.6.0] AndroidManifest.xml:48:13-74
114            android:clearTaskOnLaunch="true"
114-->[com.journeyapps:zxing-android-embedded:3.6.0] AndroidManifest.xml:49:13-45
115            android:screenOrientation="sensorLandscape"
115-->[com.journeyapps:zxing-android-embedded:3.6.0] AndroidManifest.xml:50:13-56
116            android:stateNotNeeded="true"
116-->[com.journeyapps:zxing-android-embedded:3.6.0] AndroidManifest.xml:51:13-42
117            android:theme="@style/zxing_CaptureTheme"
117-->[com.journeyapps:zxing-android-embedded:3.6.0] AndroidManifest.xml:52:13-54
118            android:windowSoftInputMode="stateAlwaysHidden" />
118-->[com.journeyapps:zxing-android-embedded:3.6.0] AndroidManifest.xml:53:13-60
119    </application>
120
121</manifest>